<?xml version="1.0" encoding="UTF-8"?>
<!-- Generated by org.testng.reporters.JUnitReportReporter -->
<testsuite hostname="ArunMotoori" failures="0" tests="9" name="tests.Logout" time="88.817" errors="0" timestamp="2025-03-22T13:06:02 IST" skipped="0">
  <testcase classname="tests.Logout" name="verifyLoggingOutUsingMyAccountLogoutOption" time="9.743"/>
  <testcase classname="tests.Logout" name="verifyLoggingOutUsingRightColumnLogoutOption" time="8.605"/>
  <testcase classname="tests.Logout" name="verifyLoggingOutAndBrowsingBack" time="11.304"/>
  <testcase classname="tests.Logout" name="verifyNoLogoutOptionBeforeLoginInMyAccountDropMenu" time="6.777"/>
  <testcase classname="tests.Logout" name="verifyNoLogoutOptionBeforeLoginInRightColumnOptions" time="8.461"/>
  <testcase classname="tests.Logout" name="verifyLoginImmediatleyAfterLogout" time="11.877"/>
  <testcase classname="tests.Logout" name="verifyBreadcrumbTitleURLAndHeadingOfAccountLogoutPage" time="9.790"/>
  <testcase classname="tests.Logout" name="verifyLogoutUI" time="10.860"/>
  <testcase classname="tests.Logout" name="verifyLogoutInAllSupportedEnvironments" time="11.400"/>
</testsuite> <!-- tests.Logout -->
