<?xml version="1.0" encoding="UTF-8"?>
<!-- Generated by org.testng.reporters.JUnitReportReporter -->
<testsuite hostname="ArunMotoori" failures="0" tests="3" name="tests.SampleTest" time="0.011" errors="0" timestamp="2025-04-11T15:33:23 IST" skipped="0">
  <testcase classname="tests.SampleTest" name="verifyLogin" time="0.005"/>
  <testcase classname="tests.SampleTest" name="verifyLogin" time="0.004"/>
  <testcase classname="tests.SampleTest" name="verifyLogin" time="0.002"/>
</testsuite> <!-- tests.SampleTest -->
