<?xml version="1.0" encoding="UTF-8"?>
<!-- Generated by org.testng.reporters.JUnitReportReporter -->
<testsuite hostname="ArunMotoori" failures="0" tests="9" name="tests.LogoutTest" time="103.533" errors="0" timestamp="2025-04-06T12:22:22 IST" skipped="0">
  <testcase classname="tests.LogoutTest" name="verifyLoggingOutUsingMyAccountLogoutOption" time="11.394"/>
  <testcase classname="tests.LogoutTest" name="verifyLoggingOutUsingRightColumnLogoutOption" time="12.847"/>
  <testcase classname="tests.LogoutTest" name="verifyLoggingOutAndBrowsingBack" time="10.865"/>
  <testcase classname="tests.LogoutTest" name="verifyNoLogoutOptionBeforeLoginInMyAccountDropMenu" time="8.526"/>
  <testcase classname="tests.LogoutTest" name="verifyNoLogoutOptionBeforeLoginInRightColumnOptions" time="9.414"/>
  <testcase classname="tests.LogoutTest" name="verifyLoginImmediatleyAfterLogout" time="15.030"/>
  <testcase classname="tests.LogoutTest" name="verifyBreadcrumbTitleURLAndHeadingOfAccountLogoutPage" time="10.790"/>
  <testcase classname="tests.LogoutTest" name="verifyLogoutUI" time="11.931"/>
  <testcase classname="tests.LogoutTest" name="verifyLogoutInAllSupportedEnvironments" time="12.736"/>
</testsuite> <!-- tests.LogoutTest -->
